2019-11-06T20:08:19.475Z info: info
2019-11-06T20:08:23.488Z error: MongoNetworkError connect ECONNREFUSED 127.0.0.1:27017
2019-11-06T20:10:17.920Z info: Server started working on port 6000
2019-11-06T20:10:26.835Z info: Server started working on port 6000
2019-11-06T20:10:41.305Z info: Server started working on port 6000
2019-11-06T20:10:45.328Z error: MongoNetworkError connect ECONNREFUSED 127.0.0.1:27017
2019-11-06T20:10:54.686Z info: Server started working on port 6000
2019-11-06T20:10:58.700Z error: MongoNetworkError connect ECONNREFUSED 127.0.0.1:27017
2019-11-06T20:11:14.494Z info: Server started working on port 6000
2019-11-06T20:11:18.510Z error: MongoNetworkError connect ECONNREFUSED 127.0.0.1:27017
2019-11-06T20:11:40.464Z info: Server started working on port 6000
2019-11-06T20:12:45.313Z info: Server started working on port 6000
2019-11-06T20:12:47.337Z info: Connected to mongodb://localhost:27017/nrspoe
2019-11-06T20:13:18.469Z info: Server started working on port 6000
2019-11-06T20:13:20.494Z error: ReferenceError devDB is not defined
2019-11-06T20:13:51.367Z info: Server started working on port 6000
2019-11-06T20:13:53.395Z error: ReferenceError devDB is not defined
2019-11-06T20:14:05.056Z info: Server started working on port 6000
2019-11-06T20:14:07.077Z info: Connected to database mongodb://localhost:27017/nrspoe
2019-11-06T20:14:57.187Z info: Server started working on port 6000
2019-11-06T20:14:59.227Z info: Connected to database mongodb://localhost:27017/nrspoe
2019-11-06T20:15:35.447Z info: Server started working on port 6000
2019-11-06T20:15:37.472Z info: Connected to database mongodb://localhost:27017/nrspoe
2019-11-06T20:16:00.340Z info: Server started working on port 6000
2019-11-06T20:16:02.363Z info: Connected to database mongodb://localhost:27017/nrspoe
2019-11-06T20:16:16.264Z info: User 5dc32a106551e50dbc28144d created with email info@vega.com
2019-11-06T20:16:34.493Z info: Server started working on port 6000
2019-11-06T20:16:36.519Z info: Connected to database mongodb://localhost:27017/nrspoe
2019-11-06T20:17:23.148Z info: Server started working on port 6000
2019-11-06T20:17:25.171Z info: Connected to database mongodb://localhost:27017/nrspoe
2019-11-06T20:17:58.851Z info: Server started working on port 6000
2019-11-06T20:18:00.880Z info: Connected to database mongodb://localhost:27017/nrspoe
2019-11-06T20:18:19.355Z info: User 5dc32a106551e50dbc28144d confirmed - address 0x89a0885BF46c19D8efA6C671c17207A912539851
2019-11-06T20:18:51.832Z info: Server started working on port 6000
2019-11-06T20:18:53.856Z info: Connected to database mongodb://localhost:27017/nrspoe
2019-11-06T20:19:00.587Z info: Server started working on port 6000
2019-11-06T20:19:02.613Z info: Connected to database mongodb://localhost:27017/nrspoe
2019-11-06T20:19:34.095Z info: Server started working on port 6000
2019-11-06T20:19:36.119Z info: Connected to database mongodb://localhost:27017/nrspoe
2019-11-06T20:20:34.232Z info: Server started working on port 6000
2019-11-06T20:20:36.268Z info: Connected to database mongodb://localhost:27017/nrspoe
2019-11-06T20:21:02.220Z info: Server started working on port 6000
2019-11-06T20:21:04.246Z info: Connected to database mongodb://localhost:27017/nrspoe
2019-11-06T20:21:52.511Z info: Server started working on port 6000
2019-11-06T20:21:54.556Z info: Connected to database mongodb://localhost:27017/nrspoe
2019-11-06T20:22:43.071Z info: Server started working on port 6000
2019-11-06T20:22:45.104Z info: Connected to database mongodb://localhost:27017/nrspoe
2019-11-06T20:22:57.112Z info: Server started working on port 6000
2019-11-06T20:22:59.132Z info: Connected to database mongodb://localhost:27017/nrspoe
2019-11-06T20:23:57.509Z info: Server started working on port 6000
2019-11-06T20:23:59.536Z info: Connected to database mongodb://localhost:27017/nrspoe
2019-11-06T20:24:16.059Z info: Server started working on port 6000
2019-11-06T20:24:18.087Z info: Connected to database mongodb://localhost:27017/nrspoe
2019-11-06T20:24:35.101Z info: Server started working on port 6000
2019-11-06T20:24:37.135Z info: Connected to database mongodb://localhost:27017/nrspoe
2019-11-06T20:25:37.525Z info: Server started working on port 6000
2019-11-06T20:25:39.557Z info: Connected to database mongodb://localhost:27017/nrspoe
2019-11-06T20:25:48.450Z info: Server started working on port 6000
2019-11-06T20:25:50.500Z info: Connected to database mongodb://localhost:27017/nrspoe
2019-11-06T20:26:17.872Z info: Server started working on port 6000
2019-11-06T20:26:21.886Z error: Couldn't connect to database
2019-11-06T20:27:24.489Z info: Server started working on port 6000
2019-11-06T20:27:28.513Z error: Couldn't connect to databaseconnect ECONNREFUSED 127.0.0.1:27017
2019-11-06T20:27:42.035Z info: Server started working on port 6000
2019-11-06T20:27:46.065Z error: Couldn't connect to database connect ECONNREFUSED 127.0.0.1:27017
2019-11-06T20:29:18.009Z info: Server started working on port 6000
2019-11-06T20:29:22.044Z error: Couldn't connect to database connect ECONNREFUSED 127.0.0.1:27017
2019-11-06T20:29:26.117Z info: Server started working on port 6000
2019-11-06T20:29:30.132Z error: Couldn't connect to database connect ECONNREFUSED 127.0.0.1:27017
2019-11-06T20:29:48.223Z info: Server started working on port 6000
2019-11-06T20:29:52.241Z error: Couldn't connect to database connect ECONNREFUSED 127.0.0.1:27017
2019-11-06T20:30:02.049Z info: Server started working on port 6000
2019-11-06T20:30:06.072Z error: Couldn't connect to database connect ECONNREFUSED 127.0.0.1:27017
2019-11-06T20:30:20.058Z info: Server started working on port 6000
2019-11-06T20:30:24.084Z error: Couldn't connect to database connect ECONNREFUSED 127.0.0.1:27017
2019-11-06T20:30:41.401Z info: Server started working on port 6000
2019-11-06T20:30:45.417Z error: Couldn't connect to database connect ECONNREFUSED 127.0.0.1:27017
2019-11-06T20:31:09.761Z info: Server started working on port 6000
2019-11-06T20:31:13.777Z error: Couldn't connect to database connect ECONNREFUSED 127.0.0.1:27017
2019-11-06T20:31:28.432Z info: Server started working on port 6000
2019-11-06T20:31:33.071Z info: Server started working on port 6000
2019-11-06T20:31:37.108Z error: Couldn't connect to database connect ECONNREFUSED 127.0.0.1:27017
2019-11-06T20:32:02.136Z info: Server started working on port 6000
2019-11-06T20:32:06.154Z error: Couldn't connect to database connect ECONNREFUSED 127.0.0.1:27017
2019-11-06T20:32:24.851Z info: Server started working on port 6000
2019-11-06T20:32:28.871Z error: Couldn't connect to database connect ECONNREFUSED 127.0.0.1:27017
2019-11-06T20:32:46.317Z info: Server started working on port 6000
2019-11-06T20:32:50.338Z error: Couldn't connect to database connect ECONNREFUSED 127.0.0.1:27017
2019-11-06T20:33:11.093Z info: Server started working on port 6000
2019-11-06T20:33:17.928Z info: Server started working on port 6000
2019-11-06T20:33:21.946Z error: Couldn't connect to database connect ECONNREFUSED 127.0.0.1:27017
2019-11-06T20:33:27.344Z info: Server started working on port 6000
2019-11-06T20:33:31.365Z error: Couldn't connect to database connect ECONNREFUSED 127.0.0.1:27017
2019-11-06T20:33:39.455Z info: Server started working on port 6000
2019-11-06T20:33:43.475Z error: Couldn't connect to database connect ECONNREFUSED 127.0.0.1:27017
2019-11-06T20:34:10.735Z info: Server started working on port 6000
2019-11-06T20:34:12.773Z info: Connected to database mongodb://localhost:27017/nrspoe
2019-11-06T20:34:44.458Z info: Server started working on port 6000
2019-11-06T20:34:46.499Z info: Connected to database mongodb://localhost:27017/nrspoe
2019-11-06T20:34:49.225Z error: Couldn't transfer 1 to 0x5a48e9a6bBB88958Eacd7d2c54f1fb70b8b3E845Returned error: the tx doesn't have the correct nonce. account has nonce of: 11 tx has nonce of: 10
2019-11-06T20:34:58.120Z info: Transfered 1 to 0x5a48e9a6bBB88958Eacd7d2c54f1fb70b8b3E845
2019-11-06T20:35:30.703Z info: Server started working on port 6000
2019-11-06T20:35:34.128Z info: Server started working on port 6000
2019-11-06T20:35:36.159Z info: Connected to database mongodb://localhost:27017/nrspoe
2019-11-06T20:35:38.786Z info: Transfered 1 to 0x5a48e9a6bBB88958Eacd7d2c54f1fb70b8b3E845 
2019-11-06T20:35:55.517Z info: Transfered 1 to 0x5a48e9a6bBB88958Eacd7d2c54f1fb70b8b3E845 
2019-11-06T20:36:01.270Z info: Server started working on port 6000
2019-11-06T20:36:03.311Z info: Connected to database mongodb://localhost:27017/nrspoe
2019-11-06T20:36:06.660Z error: Couldn't transfer 1 to 0x5a48e9a6bBB88958Eacd7d2c54f1fb70b8b3E845Returned error: the tx doesn't have the correct nonce. account has nonce of: 14 tx has nonce of: 13
2019-11-06T20:36:15.579Z error: Couldn't transfer 1 to 0x5a48e9a6bBB88958Eacd7d2c54f1fb70b8b3E845Returned error: the tx doesn't have the correct nonce. account has nonce of: 14 tx has nonce of: 13
2019-11-06T20:36:21.455Z error: Couldn't transfer 1 to 0x5a48e9a6bBB88958Eacd7d2c54f1fb70b8b3E845Invalid JSON RPC response: ""
2019-11-06T20:36:25.311Z info: Transfered 1 to 0x5a48e9a6bBB88958Eacd7d2c54f1fb70b8b3E845 
2019-11-06T20:36:37.766Z info: Server started working on port 6000
2019-11-06T20:36:39.792Z info: Connected to database mongodb://localhost:27017/nrspoe
2019-11-06T20:36:44.143Z error: Couldn't transfer 1 to 0x5a48e9a6bBB88958Eacd7d2c54f1fb70b8b3E845Returned error: the tx doesn't have the correct nonce. account has nonce of: 15 tx has nonce of: 14
2019-11-06T20:36:49.690Z error: Couldn't transfer 1 to 0x5a48e9a6bBB88958Eacd7d2c54f1fb70b8b3E845Invalid JSON RPC response: ""
2019-11-06T20:36:53.497Z error: Couldn't transfer 1 to 0x5a48e9a6bBB88958Eacd7d2c54f1fb70b8b3E845Returned error: the tx doesn't have the correct nonce. account has nonce of: 15 tx has nonce of: 14
2019-11-06T20:36:59.865Z error: Couldn't transfer 1 to 0x5a48e9a6bBB88958Eacd7d2c54f1fb70b8b3E845Invalid JSON RPC response: ""
2019-11-06T20:37:03.932Z info: Transfered 1 to 0x5a48e9a6bBB88958Eacd7d2c54f1fb70b8b3E845 
2019-11-06T20:37:29.018Z info: Server started working on port 6000
2019-11-06T20:37:31.040Z info: Connected to database mongodb://localhost:27017/nrspoe
2019-11-06T20:37:40.332Z error: Couldn't transfer 120 to 0x5a48e9a6bBB88958Eacd7d2c54f1fb70b8b3E845 Not sufficient funds
2019-11-06T20:38:00.777Z info: Server started working on port 6000
2019-11-06T20:38:02.802Z info: Connected to database mongodb://localhost:27017/nrspoe
2019-11-06T20:38:05.436Z error: Couldn't transfer 120 to 0x5a48e9a6bBB88958Eacd7d2c54f1fb70b8b3E845 Not sufficient funds
2019-11-06T20:38:13.523Z info: Server started working on port 6000
2019-11-06T20:38:15.545Z info: Connected to database mongodb://localhost:27017/nrspoe
2019-11-06T20:38:18.987Z info: Transfered 120 to 0x5a48e9a6bBB88958Eacd7d2c54f1fb70b8b3E845 
2019-11-06T20:39:02.905Z info: Server started working on port 6000
2019-11-06T20:39:04.926Z info: Connected to database mongodb://localhost:27017/nrspoe
2019-11-06T20:39:32.489Z info: Server started working on port 6000
2019-11-06T20:39:34.511Z info: Connected to database mongodb://localhost:27017/nrspoe
2019-11-06T20:39:43.223Z info: Server started working on port 6000
2019-11-06T20:39:45.266Z info: Connected to database mongodb://localhost:27017/nrspoe
2019-11-06T20:40:01.911Z info: Server started working on port 6000
2019-11-06T20:40:03.934Z info: Connected to database mongodb://localhost:27017/nrspoe
2019-11-06T20:40:33.228Z info: Server started working on port 6000
2019-11-06T20:40:35.249Z info: Connected to database mongodb://localhost:27017/nrspoe
2019-11-06T20:40:54.945Z info: Server started working on port 6000
2019-11-06T20:40:56.967Z info: Connected to database mongodb://localhost:27017/nrspoe
2019-11-06T20:41:20.278Z info: Server started working on port 6000
2019-11-06T20:41:22.298Z info: Connected to database mongodb://localhost:27017/nrspoe
2019-11-06T20:41:30.730Z info: Server started working on port 6000
2019-11-06T20:41:32.776Z info: Connected to database mongodb://localhost:27017/nrspoe
2019-11-06T20:41:44.830Z info: Server started working on port 6000
2019-11-06T20:41:46.864Z info: Connected to database mongodb://localhost:27017/nrspoe
2019-11-06T20:42:22.408Z info: Server started working on port 6000
2019-11-06T20:42:24.435Z info: Connected to database mongodb://localhost:27017/nrspoe
2019-11-06T20:42:46.342Z info: Server started working on port 6000
2019-11-06T20:42:48.393Z info: Connected to database mongodb://localhost:27017/nrspoe
2019-11-06T20:43:02.083Z info: Server started working on port 6000
2019-11-06T20:43:04.112Z info: Connected to database mongodb://localhost:27017/nrspoe
2019-11-06T20:43:16.981Z info: Server started working on port 6000
2019-11-06T20:43:19.007Z info: Connected to database mongodb://localhost:27017/nrspoe
2019-11-06T20:43:59.888Z info: Server started working on port 6000
2019-11-06T20:44:01.914Z info: Connected to database mongodb://localhost:27017/nrspoe
2019-11-06T20:44:08.678Z info: Server started working on port 6000
2019-11-06T20:44:10.699Z info: Connected to database mongodb://localhost:27017/nrspoe
2019-11-06T20:44:15.682Z info: Server started working on port 6000
2019-11-06T20:44:17.720Z info: Connected to database mongodb://localhost:27017/nrspoe
2019-11-06T20:44:23.212Z info: Server started working on port 6000
2019-11-06T20:44:25.233Z info: Connected to database mongodb://localhost:27017/nrspoe
2019-11-06T20:44:48.316Z info: Server started working on port 6000
2019-11-06T20:44:50.368Z info: Connected to database mongodb://localhost:27017/nrspoe
2019-11-06T20:45:05.309Z info: Server started working on port 6000
2019-11-06T20:45:07.347Z info: Connected to database mongodb://localhost:27017/nrspoe
2019-11-06T20:45:18.297Z info: Server started working on port 6000
2019-11-06T20:45:20.319Z info: Connected to database mongodb://localhost:27017/nrspoe
2019-11-06T20:45:29.397Z info: Server started working on port 6000
2019-11-06T20:45:31.431Z info: Connected to database mongodb://localhost:27017/nrspoe
2019-11-06T20:45:53.786Z info: Server started working on port 6000
2019-11-06T20:45:55.808Z info: Connected to database mongodb://localhost:27017/nrspoe
2019-11-06T20:46:00.626Z info: Server started working on port 6000
2019-11-06T20:46:02.667Z info: Connected to database mongodb://localhost:27017/nrspoe
2019-11-06T20:46:25.560Z info: Server started working on port 6000
2019-11-06T20:46:27.591Z info: Connected to database mongodb://localhost:27017/nrspoe
2019-11-06T20:46:41.975Z info: Server started working on port 6000
2019-11-06T20:46:44.018Z info: Connected to database mongodb://localhost:27017/nrspoe
2019-11-06T20:46:51.204Z info: Server started working on port 6000
2019-11-06T20:46:53.229Z info: Connected to database mongodb://localhost:27017/nrspoe
2019-11-06T20:47:32.612Z info: Server started working on port 6000
2019-11-06T20:47:34.648Z info: Connected to database mongodb://localhost:27017/nrspoe
2019-11-06T20:47:38.240Z info: Server started working on port 6000
2019-11-06T20:47:40.291Z info: Connected to database mongodb://localhost:27017/nrspoe
2019-11-06T20:48:26.794Z info: Server started working on port 6000
2019-11-06T20:48:28.836Z info: Connected to database mongodb://localhost:27017/nrspoe
2019-11-06T20:48:51.647Z info: Server started working on port 6000
2019-11-06T20:48:53.670Z info: Connected to database mongodb://localhost:27017/nrspoe
2019-11-06T20:49:14.919Z info: Server started working on port 6000
2019-11-06T20:49:16.966Z info: Connected to database mongodb://localhost:27017/nrspoe
2019-11-06T20:49:29.700Z info: Server started working on port 6000
2019-11-06T20:49:31.723Z info: Connected to database mongodb://localhost:27017/nrspoe
2019-11-06T20:50:30.824Z info: Server started working on port 6000
2019-11-06T20:50:32.876Z info: Connected to database mongodb://localhost:27017/nrspoe
2019-11-11T17:20:53.583Z info: Server started working on port 6000
2019-11-11T17:20:55.679Z info: Connected to database mongodb://localhost:27017/nrspoe
2019-11-11T17:23:14.536Z error: Couldn't retrieve userListThe first argument must be one of type string, Buffer, ArrayBuffer, Array, or Array-like Object. Received type undefined
2019-11-11T17:23:58.303Z info: Server started working on port 6000
2019-11-11T17:24:00.324Z info: Connected to database mongodb://localhost:27017/nrspoe
2019-11-11T17:24:05.880Z info: Server started working on port 6000
2019-11-11T17:24:07.929Z info: Connected to database mongodb://localhost:27017/nrspoe
2019-11-11T17:25:09.442Z info: Server started working on port 6000
2019-11-11T17:25:11.487Z info: Connected to database mongodb://localhost:27017/nrspoe
2019-11-11T17:25:21.783Z info: Server started working on port 6000
2019-11-11T17:25:23.834Z info: Connected to database mongodb://localhost:27017/nrspoe
2019-11-11T17:25:29.935Z info: Server started working on port 6000
2019-11-11T17:25:31.969Z info: Connected to database mongodb://localhost:27017/nrspoe
2019-11-11T17:26:28.755Z info: Server started working on port 6000
2019-11-11T17:26:30.818Z info: Connected to database mongodb://localhost:27017/nrspoe
2019-11-11T17:27:10.898Z info: Server started working on port 6000
2019-11-11T17:27:12.948Z info: Connected to database mongodb://localhost:27017/nrspoe
2019-11-11T17:27:59.346Z info: Server started working on port 6000
2019-11-11T17:28:01.382Z info: Connected to database mongodb://localhost:27017/nrspoe
2019-11-11T17:28:30.651Z info: Server started working on port 6000
2019-11-11T17:28:32.704Z info: Connected to database mongodb://localhost:27017/nrspoe
2019-11-11T17:29:36.611Z info: Server started working on port 6000
2019-11-11T17:29:38.673Z info: Connected to database mongodb://localhost:27017/nrspoe
2019-11-11T17:30:01.006Z info: Server started working on port 6000
2019-11-11T17:30:03.071Z info: Connected to database mongodb://localhost:27017/nrspoe
2019-11-11T17:30:38.189Z info: Server started working on port 6000
2019-11-11T17:30:40.230Z info: Connected to database mongodb://localhost:27017/nrspoe
2019-11-11T17:31:01.618Z info: Server started working on port 6000
2019-11-11T17:31:03.653Z info: Connected to database mongodb://localhost:27017/nrspoe
2019-11-11T17:31:40.889Z info: Server started working on port 6000
2019-11-11T17:31:42.916Z info: Connected to database mongodb://localhost:27017/nrspoe
2019-11-11T17:31:45.644Z info: Server started working on port 6000
2019-11-11T17:31:47.702Z info: Connected to database mongodb://localhost:27017/nrspoe
2019-11-11T17:31:52.176Z error: Couldn't retrieve userListYou must provide the json interface of the contract when instantiating a contract object.
2019-11-11T17:33:45.963Z info: Server started working on port 6000
2019-11-11T17:33:47.999Z info: Connected to database mongodb://localhost:27017/nrspoe
2019-11-11T17:33:48.880Z error: Couldn't retrieve userListTypeError: Cannot read property 'Symbol(Symbol.iterator)' of this.contract.methods[this.method]
2019-11-11T17:36:44.386Z info: Server started working on port 6000
2019-11-11T17:36:46.408Z info: Connected to database mongodb://localhost:27017/nrspoe
2019-11-11T17:36:51.800Z info: Server started working on port 6000
2019-11-11T17:36:52.589Z error: Couldn't retrieve userListTypeError: Cannot read property 'Symbol(Symbol.iterator)' of this.contract.methods[this.method]
2019-11-11T17:36:53.857Z info: Connected to database mongodb://localhost:27017/nrspoe
2019-11-11T17:36:55.850Z error: Couldn't retrieve userListTypeError: Cannot read property 'Symbol(Symbol.iterator)' of this.contract.methods[this.method]
2019-11-11T17:37:20.049Z info: Server started working on port 6000
2019-11-11T17:37:22.074Z info: Connected to database mongodb://localhost:27017/nrspoe
2019-11-11T17:37:32.311Z info: Server started working on port 6000
2019-11-11T17:37:34.369Z info: Connected to database mongodb://localhost:27017/nrspoe
2019-11-11T17:37:50.172Z info: Server started working on port 6000
2019-11-11T17:37:52.227Z info: Connected to database mongodb://localhost:27017/nrspoe
2019-11-11T17:38:44.780Z info: User 5dc99ca457745310241735db created {"email":info@nasa.com}
2019-11-11T17:41:07.154Z info: Server started working on port 6000
2019-11-11T17:41:09.199Z info: Connected to database mongodb://localhost:27017/nrspoe
2019-11-11T17:41:09.215Z error: User ConfirmationCannot read property 'generateMnemonic' of undefined
2019-11-11T17:41:22.860Z info: Server started working on port 6000
2019-11-11T17:41:24.903Z info: Connected to database mongodb://localhost:27017/nrspoe
2019-11-11T17:41:24.916Z error: User Confirmation: Cannot read property 'generateMnemonic' of undefined
2019-11-11T17:43:13.697Z info: Server started working on port 6000
2019-11-11T17:43:15.768Z info: Connected to database mongodb://localhost:27017/nrspoe
2019-11-11T17:43:15.783Z error: User Confirmation: Cannot read property 'generateMnemonic' of undefined
2019-11-11T17:43:57.931Z info: Server started working on port 6000
2019-11-11T17:43:59.971Z info: Connected to database mongodb://localhost:27017/nrspoe
2019-11-11T17:44:03.693Z error: User Confirmation: Cannot read property 'generateMnemonic' of undefined
2019-11-11T17:45:42.850Z info: Server started working on port 6000
2019-11-11T17:45:44.899Z info: Connected to database mongodb://localhost:27017/nrspoe
2019-11-11T17:45:50.503Z info: Server started working on port 6000
2019-11-11T17:45:52.565Z info: Connected to database mongodb://localhost:27017/nrspoe
2019-11-11T17:46:23.958Z info: Server started working on port 6000
2019-11-11T17:46:25.996Z info: Connected to database mongodb://localhost:27017/nrspoe
2019-11-11T17:46:40.046Z info: Server started working on port 6000
2019-11-11T17:46:42.081Z info: Connected to database mongodb://localhost:27017/nrspoe
2019-11-11T17:46:52.184Z info: Server started working on port 6000
2019-11-11T17:46:54.247Z info: Connected to database mongodb://localhost:27017/nrspoe
2019-11-11T17:47:01.670Z info: Server started working on port 6000
2019-11-11T17:47:03.729Z info: Connected to database mongodb://localhost:27017/nrspoe
2019-11-11T17:47:06.664Z error: User Confirmation: Cannot read property 'fromSeed' of undefined
2019-11-11T17:48:08.898Z info: Server started working on port 6000
2019-11-11T17:48:10.925Z info: Connected to database mongodb://localhost:27017/nrspoe
2019-11-11T17:48:14.643Z info: Server started working on port 6000
2019-11-11T17:48:16.694Z info: Connected to database mongodb://localhost:27017/nrspoe
2019-11-11T17:48:22.915Z error: User Confirmation: Error: invalid address (arg="_userAddress", coderType="address", value=undefined)
2019-11-11T17:48:39.560Z info: Server started working on port 6000
2019-11-11T17:48:43.331Z info: Server started working on port 6000
2019-11-11T17:48:45.369Z info: Connected to database mongodb://localhost:27017/nrspoe
2019-11-11T17:48:50.874Z error: User Confirmation: Error: Chain with name testnet not supported
2019-11-11T17:49:24.438Z info: Server started working on port 6000
2019-11-11T17:49:26.489Z info: Connected to database mongodb://localhost:27017/nrspoe
2019-11-11T17:49:35.736Z info: User 5dc99ca457745310241735db confirmed {"address":0xcd29835722FD13Fe11A0D54Ba3f3d1c0cE034F3c}
2019-11-11T17:50:02.862Z info: Paused User 0xcd29835722FD13Fe11A0D54Ba3f3d1c0cE034F3c
2019-11-11T17:50:12.229Z error: Couldn't pause User 0xcd29835722FD13Fe11A0D54Ba3f3d1c0cE034F3cError: Invalid JSON RPC response: ""
2019-11-11T17:50:16.779Z info: Paused User 0xcd29835722FD13Fe11A0D54Ba3f3d1c0cE034F3c
2019-11-11T17:50:45.972Z info: User 5dc99ca457745310241735db changed passphrase
2019-11-11T17:51:39.327Z info: Server started working on port 6000
2019-11-11T17:51:41.386Z info: Connected to database mongodb://localhost:27017/nrspoe
2019-11-11T17:51:53.743Z info: Server started working on port 6000
2019-11-11T17:51:55.798Z info: Connected to database mongodb://localhost:27017/nrspoe
2019-11-11T17:51:58.350Z error: User not able to change passphrase
2019-11-11T17:52:08.432Z error: User not able to change passphrase
2019-11-11T17:52:52.523Z info: User 5dc99ca457745310241735db changed passphrase
2019-11-11T17:53:31.739Z info: Server started working on port 6000
2019-11-11T17:53:35.134Z info: Server started working on port 6000
2019-11-11T17:53:37.157Z info: Connected to database mongodb://localhost:27017/nrspoe
2019-11-11T17:53:39.791Z info: User 5dc99ca457745310241735db restored with mnemonic passphrase
2019-11-11T17:53:58.130Z info: User 5dc99ca457745310241735db restored with mnemonic passphrase
2019-11-11T17:55:30.273Z info: Server started working on port 6000
2019-11-11T17:55:32.317Z info: Connected to database mongodb://localhost:27017/nrspoe
2019-11-11T17:55:48.907Z info: Server started working on port 6000
2019-11-11T17:55:50.950Z info: Connected to database mongodb://localhost:27017/nrspoe
2019-11-11T17:56:11.204Z info: Server started working on port 6000
2019-11-11T17:56:13.236Z info: Connected to database mongodb://localhost:27017/nrspoe
2019-11-11T17:56:46.752Z info: Server started working on port 6000
2019-11-11T17:56:48.803Z info: Connected to database mongodb://localhost:27017/nrspoe
2019-11-11T17:57:06.200Z info: Server started working on port 6000
2019-11-11T17:57:08.254Z info: Connected to database mongodb://localhost:27017/nrspoe
2019-11-11T17:57:18.207Z info: Server started working on port 6000
2019-11-11T17:57:20.255Z info: Connected to database mongodb://localhost:27017/nrspoe
2019-11-11T17:58:39.606Z info: Server started working on port 6000
2019-11-11T17:58:41.639Z info: Connected to database mongodb://localhost:27017/nrspoe
2019-11-11T17:58:56.746Z info: Server started working on port 6000
2019-11-11T17:58:58.803Z info: Connected to database mongodb://localhost:27017/nrspoe
2019-11-11T17:59:16.334Z info: Server started working on port 6000
2019-11-11T17:59:18.395Z info: Connected to database mongodb://localhost:27017/nrspoe
2019-11-11T17:59:35.742Z info: Transfered 1 to 0xcd29835722FD13Fe11A0D54Ba3f3d1c0cE034F3c 
2019-11-11T17:59:57.344Z info: Project 41955 created
2019-11-11T18:01:38.774Z info: Server started working on port 6000
2019-11-11T18:01:40.823Z info: Connected to database mongodb://localhost:27017/nrspoe
2019-11-11T18:02:10.671Z info: Server started working on port 6000
2019-11-11T18:02:12.695Z info: Connected to database mongodb://localhost:27017/nrspoe
2019-11-11T18:02:39.404Z info: User 5dc9a23fed7a6d1bb41a4bde created {"email":info@imeco.com}
2019-11-11T18:02:53.805Z info: User 5dc9a23fed7a6d1bb41a4bde confirmed {"address":0xb338852617c3F253a78C6C8A0b974BdAC76e6ED3}
2019-11-11T18:03:03.307Z info: Process created 
2019-11-11T18:03:49.392Z info: Server started working on port 6000
2019-11-11T18:03:51.412Z info: Connected to database mongodb://localhost:27017/nrspoe
2019-11-11T18:04:23.576Z info: Server started working on port 6000
2019-11-11T18:04:25.623Z info: Connected to database mongodb://localhost:27017/nrspoe
2019-11-11T18:04:37.155Z info: Process 0x1EdcdE414000B0B182761168CC72B4c01B21fD0A was assigned to project 41955 
2019-11-11T18:05:56.490Z error: Document could not be uploaded 
2019-11-11T18:06:13.883Z error: Couldn't transfer 1 to 0xb338852617c3F253a78C6C8A0b974BdAC76e6ED3 Invalid JSON RPC response: ""
2019-11-11T18:06:19.215Z info: Transfered 1 to 0xb338852617c3F253a78C6C8A0b974BdAC76e6ED3 
2019-11-11T18:06:25.197Z error: Document could not be uploaded 
2019-11-11T18:06:54.992Z error: Document could not be verified
2019-11-11T18:08:10.644Z info: Project 41955 closed
